Using pre-set license
Built from '2020.3/staging' branch; Version is '2020.3.30f1 (1fb1bf06830e) revision 2077119'; Using compiler version '192528614'; Build Type 'Release'
OS: 'Windows 11  (10.0.22000) 64bit CoreCountrySpecific' Language: 'zh' Physical Memory: 16236 MB
BatchMode: 1, IsHumanControllingUs: 0, StartBugReporterOnCrash: 0, Is64bit: 1, IsPro: 0

COMMAND LINE ARGUMENTS:
D:\Unity\2020.3.30f1\Editor\Unity.exe
-adb2
-batchMode
-noUpm
-name
AssetImportWorker0
-projectPath
D:/github/DDA-Boss-Fight
-logFile
Logs/AssetImportWorker0.log
-srvPort
11091
Successfully changed project path to: D:/github/DDA-Boss-Fight
D:/github/DDA-Boss-Fight
Using Asset Import Pipeline V2.
Refreshing native plugins compatible for Editor in 50.72 ms, found 2 plugins.
Preloading 0 native plugins for Editor in 0.00 ms.
Initialize engine version: 2020.3.30f1 (1fb1bf06830e)
[Subsystems] Discovering subsystems at path D:/Unity/2020.3.30f1/Editor/Data/Resources/UnitySubsystems
[Subsystems] Discovering subsystems at path D:/github/DDA-Boss-Fight/Assets
GfxDevice: creating device client; threaded=0
Direct3D:
    Version:  Direct3D 11.0 [level 11.1]
    Renderer: NVIDIA GeForce RTX 3060 Laptop GPU (ID=0x2560)
    Vendor:   
    VRAM:     6023 MB
    Driver:   31.0.15.1659
Initialize mono
Mono path[0] = 'D:/Unity/2020.3.30f1/Editor/Data/Managed'
Mono path[1] = 'D:/Unity/2020.3.30f1/Editor/Data/MonoBleedingEdge/lib/mono/unityjit'
Mono config path = 'D:/Unity/2020.3.30f1/Editor/Data/MonoBleedingEdge/etc'
Using monoOptions --debugger-agent=transport=dt_socket,embedding=1,server=y,suspend=n,address=127.0.0.1:56380
Begin MonoManager ReloadAssembly
Registering precompiled unity dll's ...
Register platform support module: D:/Unity/2020.3.30f1/Editor/Data/PlaybackEngines/WindowsStandaloneSupport/UnityEditor.WindowsStandalone.Extensions.dll
Registered in 0.000975 seconds.
Native extension for WindowsStandalone target not found
Refreshing native plugins compatible for Editor in 38.97 ms, found 2 plugins.
Preloading 0 native plugins for Editor in 0.00 ms.
Mono: successfully reloaded assembly
- Completed reload, in  0.511 seconds
Domain Reload Profiling:
	ReloadAssembly (511ms)
		BeginReloadAssembly (84ms)
			ExecutionOrderSort (0ms)
			DisableScriptedObjects (0ms)
			BackupInstance (0ms)
			ReleaseScriptingObjects (0ms)
			CreateAndSetChildDomain (1ms)
		EndReloadAssembly (372ms)
			LoadAssemblies (84ms)
			RebuildTransferFunctionScriptingTraits (0ms)
			SetupTypeCache (114ms)
			ReleaseScriptCaches (0ms)
			RebuildScriptCaches (22ms)
			SetupLoadedEditorAssemblies (155ms)
				LogAssemblyErrors (0ms)
				InitializePlatformSupportModulesInManaged (4ms)
				SetLoadedEditorAssemblies (0ms)
				RefreshPlugins (39ms)
				BeforeProcessingInitializeOnLoad (14ms)
				ProcessInitializeOnLoadAttributes (74ms)
				ProcessInitializeOnLoadMethodAttributes (25ms)
				AfterProcessingInitializeOnLoad (0ms)
				EditorAssembliesLoaded (0ms)
			ExecutionOrderSort2 (0ms)
			AwakeInstancesAfterBackupRestoration (0ms)
Platform modules already initialized, skipping
Registering precompiled user dll's ...
Registered in 0.006580 seconds.
Begin MonoManager ReloadAssembly
Symbol file LoadedFromMemory doesn't match image D:\github\DDA-Boss-Fight\Library\PackageCache\com.unity.collab-proxy@1.15.15\Lib\Editor\PlasticSCM\unityplastic.dll
Native extension for WindowsStandalone target not found
Refreshing native plugins compatible for Editor in 0.71 ms, found 2 plugins.
Preloading 0 native plugins for Editor in 0.00 ms.
Mono: successfully reloaded assembly
- Completed reload, in  0.926 seconds
Domain Reload Profiling:
	ReloadAssembly (927ms)
		BeginReloadAssembly (151ms)
			ExecutionOrderSort (0ms)
			DisableScriptedObjects (4ms)
			BackupInstance (0ms)
			ReleaseScriptingObjects (0ms)
			CreateAndSetChildDomain (18ms)
		EndReloadAssembly (733ms)
			LoadAssemblies (142ms)
			RebuildTransferFunctionScriptingTraits (0ms)
			SetupTypeCache (231ms)
			ReleaseScriptCaches (0ms)
			RebuildScriptCaches (38ms)
			SetupLoadedEditorAssemblies (306ms)
				LogAssemblyErrors (0ms)
				InitializePlatformSupportModulesInManaged (3ms)
				SetLoadedEditorAssemblies (0ms)
				RefreshPlugins (1ms)
				BeforeProcessingInitializeOnLoad (73ms)
				ProcessInitializeOnLoadAttributes (173ms)
				ProcessInitializeOnLoadMethodAttributes (54ms)
				AfterProcessingInitializeOnLoad (2ms)
				EditorAssembliesLoaded (0ms)
			ExecutionOrderSort2 (0ms)
			AwakeInstancesAfterBackupRestoration (5ms)
Platform modules already initialized, skipping
========================================================================
Worker process is ready to serve import requests
Launched and connected shader compiler UnityShaderCompiler.exe after 0.07 seconds
Refreshing native plugins compatible for Editor in 0.71 ms, found 2 plugins.
Preloading 0 native plugins for Editor in 0.00 ms.
Unloading 2509 Unused Serialized files (Serialized files now loaded: 0)
System memory in use before: 97.7 MB.
System memory in use after: 97.8 MB.

Unloading 60 unused Assets to reduce memory usage. Loaded Objects now: 2914.
Total: 5.576200 ms (FindLiveObjects: 0.203300 ms CreateObjectMapping: 0.069300 ms MarkObjects: 5.220700 ms  DeleteObjects: 0.081800 ms)

AssetImportParameters requested are different than current active one (requested -> active):
  custom:framework-win-MediaFoundation: 216162199b28c13a410421893ffa2e32 -> 
  custom:video-decoder-ogg-theora: a1e56fd34408186e4bbccfd4996cb3dc -> 
  custom:container-muxer-webm: aa71ff27fc2769a1b78a27578f13a17b -> 
  custom:container-demuxer-webm: 4f35f7cbe854078d1ac9338744f61a02 -> 
  custom:container-demuxer-ogg: 62fdf1f143b41e24485cea50d1cbac27 -> 
  custom:video-encoder-webm-vp8: eb34c28f22e8b96e1ab97ce403110664 -> 
  custom:video-codec-MediaFoundation-h265: 746d11721c4dcdbdad8f713fa42b33f4 -> 
  custom:video-decoder-webm-vp8: 9c59270c3fd7afecdb556c50c9e8de78 -> 
  custom:audio-decoder-ogg-vorbis: bf7c407c2cedff20999df2af8eb42d56 -> 
  custom:audio-encoder-webm-vorbis: bf7c407c2cedff20999df2af8eb42d56 -> 
========================================================================
Received Import Request.
  path: Assets/Scripts/Boss/Boss.cs
  artifactKey: Guid(19386683611c4dd47940d068325208d6) Importer(815301076,1909f56bfc062723c751e8b465ee728b)
Start importing Assets/Scripts/Boss/Boss.cs using Guid(19386683611c4dd47940d068325208d6) Importer(815301076,1909f56bfc062723c751e8b465ee728b)  -> (artifact id: '57fa2858c6775b3ac92327e0b38479eb') in 0.034859 seconds 
========================================================================
Received Import Request.
  Time since last request: 54.762017 seconds.
  path: Assets/Scripts/Boss/Boss.cs
  artifactKey: Guid(19386683611c4dd47940d068325208d6) Importer(815301076,1909f56bfc062723c751e8b465ee728b)
Start importing Assets/Scripts/Boss/Boss.cs using Guid(19386683611c4dd47940d068325208d6) Importer(815301076,1909f56bfc062723c751e8b465ee728b)  -> (artifact id: '5819c84f26690c67322c10175e886d33') in 0.002197 seconds 
========================================================================
Received Import Request.
  Time since last request: 48.253648 seconds.
  path: Assets/Scripts/Boss/Boss.cs
  artifactKey: Guid(19386683611c4dd47940d068325208d6) Importer(815301076,1909f56bfc062723c751e8b465ee728b)
Start importing Assets/Scripts/Boss/Boss.cs using Guid(19386683611c4dd47940d068325208d6) Importer(815301076,1909f56bfc062723c751e8b465ee728b)  -> (artifact id: '10a241faafe9db4f58e05a09c721aed1') in 0.002112 seconds 
========================================================================
Received Import Request.
  Time since last request: 15.985510 seconds.
  path: Assets/Scripts/Boss/Boss.cs
  artifactKey: Guid(19386683611c4dd47940d068325208d6) Importer(815301076,1909f56bfc062723c751e8b465ee728b)
Start importing Assets/Scripts/Boss/Boss.cs using Guid(19386683611c4dd47940d068325208d6) Importer(815301076,1909f56bfc062723c751e8b465ee728b)  -> (artifact id: 'afa97a0ea775e64fef448a285e2ef3fd') in 0.002178 seconds 
========================================================================
Received Import Request.
  Time since last request: 38.004678 seconds.
  path: Assets/Scripts/Boss/Boss.cs
  artifactKey: Guid(19386683611c4dd47940d068325208d6) Importer(815301076,1909f56bfc062723c751e8b465ee728b)
Start importing Assets/Scripts/Boss/Boss.cs using Guid(19386683611c4dd47940d068325208d6) Importer(815301076,1909f56bfc062723c751e8b465ee728b)  -> (artifact id: '35c08fa9e55ab5cf922de4f489b84193') in 0.002562 seconds 
========================================================================
Received Import Request.
  Time since last request: 28.366377 seconds.
  path: Assets/Scripts/Boss/Boss.cs
  artifactKey: Guid(19386683611c4dd47940d068325208d6) Importer(815301076,1909f56bfc062723c751e8b465ee728b)
Start importing Assets/Scripts/Boss/Boss.cs using Guid(19386683611c4dd47940d068325208d6) Importer(815301076,1909f56bfc062723c751e8b465ee728b)  -> (artifact id: 'f9338e4f4cc22b902979baf3acba9d7e') in 0.002090 seconds 
========================================================================
Received Import Request.
  Time since last request: 44.034758 seconds.
  path: Assets/Scripts/Boss/Boss.cs
  artifactKey: Guid(19386683611c4dd47940d068325208d6) Importer(815301076,1909f56bfc062723c751e8b465ee728b)
Start importing Assets/Scripts/Boss/Boss.cs using Guid(19386683611c4dd47940d068325208d6) Importer(815301076,1909f56bfc062723c751e8b465ee728b)  -> (artifact id: '3e8a7e62becfd028d0df25a294e2266e') in 0.002950 seconds 
========================================================================
Received Import Request.
  Time since last request: 9.753087 seconds.
  path: Assets/Scripts/Boss/Boss.cs
  artifactKey: Guid(19386683611c4dd47940d068325208d6) Importer(815301076,1909f56bfc062723c751e8b465ee728b)
Start importing Assets/Scripts/Boss/Boss.cs using Guid(19386683611c4dd47940d068325208d6) Importer(815301076,1909f56bfc062723c751e8b465ee728b)  -> (artifact id: '4ccc923575027a6bf630f59e7c757686') in 0.002302 seconds 
========================================================================
Received Import Request.
  Time since last request: 4.562094 seconds.
  path: Assets/Scripts/Boss/Boss.cs
  artifactKey: Guid(19386683611c4dd47940d068325208d6) Importer(815301076,1909f56bfc062723c751e8b465ee728b)
Start importing Assets/Scripts/Boss/Boss.cs using Guid(19386683611c4dd47940d068325208d6) Importer(815301076,1909f56bfc062723c751e8b465ee728b)  -> (artifact id: '43eaa689ab21460f3765aa403c6f29d6') in 0.002139 seconds 
========================================================================
Received Import Request.
  Time since last request: 17.261222 seconds.
  path: Assets/Scripts/Boss/Boss.cs
  artifactKey: Guid(19386683611c4dd47940d068325208d6) Importer(815301076,1909f56bfc062723c751e8b465ee728b)
Start importing Assets/Scripts/Boss/Boss.cs using Guid(19386683611c4dd47940d068325208d6) Importer(815301076,1909f56bfc062723c751e8b465ee728b)  -> (artifact id: 'ecc8359dc4941bdd66e274a3f8ddee8f') in 0.002359 seconds 
========================================================================
Received Import Request.
  Time since last request: 11.832351 seconds.
  path: Assets/Scripts/Boss/Boss.cs
  artifactKey: Guid(19386683611c4dd47940d068325208d6) Importer(815301076,1909f56bfc062723c751e8b465ee728b)
Start importing Assets/Scripts/Boss/Boss.cs using Guid(19386683611c4dd47940d068325208d6) Importer(815301076,1909f56bfc062723c751e8b465ee728b)  -> (artifact id: '6d26786587b3bfb2d22741ebf5d1212c') in 0.002144 seconds 
========================================================================
Received Import Request.
  Time since last request: 14.661153 seconds.
  path: Assets/Scripts/Boss/Boss.cs
  artifactKey: Guid(19386683611c4dd47940d068325208d6) Importer(815301076,1909f56bfc062723c751e8b465ee728b)
Start importing Assets/Scripts/Boss/Boss.cs using Guid(19386683611c4dd47940d068325208d6) Importer(815301076,1909f56bfc062723c751e8b465ee728b)  -> (artifact id: '6caaf1477d7699973ac19439dcbb6318') in 0.002096 seconds 
========================================================================
Received Import Request.
  Time since last request: 5.064962 seconds.
  path: Assets/Scripts/Boss/Boss.cs
  artifactKey: Guid(19386683611c4dd47940d068325208d6) Importer(815301076,1909f56bfc062723c751e8b465ee728b)
Start importing Assets/Scripts/Boss/Boss.cs using Guid(19386683611c4dd47940d068325208d6) Importer(815301076,1909f56bfc062723c751e8b465ee728b)  -> (artifact id: '51e190706609d1ea470dc1aaf69057e5') in 0.002322 seconds 
========================================================================
Received Import Request.
  Time since last request: 6.840622 seconds.
  path: Assets/Scripts/Boss/Boss.cs
  artifactKey: Guid(19386683611c4dd47940d068325208d6) Importer(815301076,1909f56bfc062723c751e8b465ee728b)
Start importing Assets/Scripts/Boss/Boss.cs using Guid(19386683611c4dd47940d068325208d6) Importer(815301076,1909f56bfc062723c751e8b465ee728b)  -> (artifact id: 'b342798ee24904b979ed655b01c773bd') in 0.002128 seconds 
========================================================================
Received Import Request.
  Time since last request: 23.142763 seconds.
  path: Assets/Scripts/Boss/Boss.cs
  artifactKey: Guid(19386683611c4dd47940d068325208d6) Importer(815301076,1909f56bfc062723c751e8b465ee728b)
Start importing Assets/Scripts/Boss/Boss.cs using Guid(19386683611c4dd47940d068325208d6) Importer(815301076,1909f56bfc062723c751e8b465ee728b)  -> (artifact id: 'd22eeb0eb542d7eab77ecb010543d36e') in 0.002167 seconds 
========================================================================
Received Import Request.
  Time since last request: 6.385358 seconds.
  path: Assets/Scripts/Boss/Boss.cs
  artifactKey: Guid(19386683611c4dd47940d068325208d6) Importer(815301076,1909f56bfc062723c751e8b465ee728b)
Start importing Assets/Scripts/Boss/Boss.cs using Guid(19386683611c4dd47940d068325208d6) Importer(815301076,1909f56bfc062723c751e8b465ee728b)  -> (artifact id: 'b1ea4e92f0169d02539216fdffdd202d') in 0.002108 seconds 
========================================================================
Received Import Request.
  Time since last request: 46.619120 seconds.
  path: Assets/Scripts/Boss/Boss.cs
  artifactKey: Guid(19386683611c4dd47940d068325208d6) Importer(815301076,1909f56bfc062723c751e8b465ee728b)
Start importing Assets/Scripts/Boss/Boss.cs using Guid(19386683611c4dd47940d068325208d6) Importer(815301076,1909f56bfc062723c751e8b465ee728b)  -> (artifact id: '2d9db8caf0445781ce02fbfe01add9b2') in 0.002103 seconds 
========================================================================
Received Import Request.
  Time since last request: 10.967728 seconds.
  path: Assets/Scripts/Boss/Boss.cs
  artifactKey: Guid(19386683611c4dd47940d068325208d6) Importer(815301076,1909f56bfc062723c751e8b465ee728b)
Start importing Assets/Scripts/Boss/Boss.cs using Guid(19386683611c4dd47940d068325208d6) Importer(815301076,1909f56bfc062723c751e8b465ee728b)  -> (artifact id: 'bcf94181dd80084518f0cdbc283b76cf') in 0.002149 seconds 
========================================================================
Received Import Request.
  Time since last request: 12.067283 seconds.
  path: Assets/Scripts/Boss/Boss.cs
  artifactKey: Guid(19386683611c4dd47940d068325208d6) Importer(815301076,1909f56bfc062723c751e8b465ee728b)
Start importing Assets/Scripts/Boss/Boss.cs using Guid(19386683611c4dd47940d068325208d6) Importer(815301076,1909f56bfc062723c751e8b465ee728b)  -> (artifact id: '00000000000000000000000000000000') in 0.000214 seconds  code(4) message(Build asset version error: assets/scripts/boss/boss.cs in SourceAssetDB has modification time of '2022-07-13T19:13:50.4004806Z' while content on disk has modification time of '2022-07-13T19:13:50.5413494Z')
  ERROR: Build asset version error: assets/scripts/boss/boss.cs in SourceAssetDB has modification time of '2022-07-13T19:13:50.4004806Z' while content on disk has modification time of '2022-07-13T19:13:50.5413494Z'
========================================================================
Received Prepare
Registering precompiled user dll's ...
Registered in 0.006433 seconds.
Begin MonoManager ReloadAssembly
Symbol file LoadedFromMemory doesn't match image D:\github\DDA-Boss-Fight\Library\PackageCache\com.unity.collab-proxy@1.15.15\Lib\Editor\PlasticSCM\unityplastic.dll
Native extension for WindowsStandalone target not found
Refreshing native plugins compatible for Editor in 0.76 ms, found 2 plugins.
Preloading 0 native plugins for Editor in 0.00 ms.
Mono: successfully reloaded assembly
- Completed reload, in  0.841 seconds
Domain Reload Profiling:
	ReloadAssembly (842ms)
		BeginReloadAssembly (132ms)
			ExecutionOrderSort (0ms)
			DisableScriptedObjects (7ms)
			BackupInstance (0ms)
			ReleaseScriptingObjects (0ms)
			CreateAndSetChildDomain (31ms)
		EndReloadAssembly (669ms)
			LoadAssemblies (131ms)
			RebuildTransferFunctionScriptingTraits (0ms)
			SetupTypeCache (213ms)
			ReleaseScriptCaches (1ms)
			RebuildScriptCaches (29ms)
			SetupLoadedEditorAssemblies (272ms)
				LogAssemblyErrors (0ms)
				InitializePlatformSupportModulesInManaged (4ms)
				SetLoadedEditorAssemblies (0ms)
				RefreshPlugins (1ms)
				BeforeProcessingInitializeOnLoad (61ms)
				ProcessInitializeOnLoadAttributes (154ms)
				ProcessInitializeOnLoadMethodAttributes (50ms)
				AfterProcessingInitializeOnLoad (2ms)
				EditorAssembliesLoaded (0ms)
			ExecutionOrderSort2 (0ms)
			AwakeInstancesAfterBackupRestoration (5ms)
Platform modules already initialized, skipping
Refreshing native plugins compatible for Editor in 0.84 ms, found 2 plugins.
Preloading 0 native plugins for Editor in 0.00 ms.
Unloading 2501 Unused Serialized files (Serialized files now loaded: 0)
System memory in use before: 97.5 MB.
System memory in use after: 97.7 MB.

Unloading 51 unused Assets to reduce memory usage. Loaded Objects now: 2917.
Total: 6.130000 ms (FindLiveObjects: 0.184300 ms CreateObjectMapping: 0.095200 ms MarkObjects: 5.806700 ms  DeleteObjects: 0.042700 ms)

AssetImportParameters requested are different than current active one (requested -> active):
  custom:framework-win-MediaFoundation: 216162199b28c13a410421893ffa2e32 -> 
  custom:video-decoder-ogg-theora: a1e56fd34408186e4bbccfd4996cb3dc -> 
  custom:container-muxer-webm: aa71ff27fc2769a1b78a27578f13a17b -> 
  custom:container-demuxer-webm: 4f35f7cbe854078d1ac9338744f61a02 -> 
  custom:container-demuxer-ogg: 62fdf1f143b41e24485cea50d1cbac27 -> 
  custom:video-encoder-webm-vp8: eb34c28f22e8b96e1ab97ce403110664 -> 
  custom:video-codec-MediaFoundation-h265: 746d11721c4dcdbdad8f713fa42b33f4 -> 
  custom:video-decoder-webm-vp8: 9c59270c3fd7afecdb556c50c9e8de78 -> 
  custom:audio-decoder-ogg-vorbis: bf7c407c2cedff20999df2af8eb42d56 -> 
  custom:audio-encoder-webm-vorbis: bf7c407c2cedff20999df2af8eb42d56 -> 
========================================================================
Received Import Request.
  Time since last request: 29.604569 seconds.
  path: Assets/Scripts/Boss/Boss.cs
  artifactKey: Guid(19386683611c4dd47940d068325208d6) Importer(815301076,1909f56bfc062723c751e8b465ee728b)
Start importing Assets/Scripts/Boss/Boss.cs using Guid(19386683611c4dd47940d068325208d6) Importer(815301076,1909f56bfc062723c751e8b465ee728b)  -> (artifact id: '5008f41e987f35204e7051a32b9fe5fb') in 0.005629 seconds 
========================================================================
Received Prepare
Registering precompiled user dll's ...
Registered in 0.006667 seconds.
Begin MonoManager ReloadAssembly
Symbol file LoadedFromMemory doesn't match image D:\github\DDA-Boss-Fight\Library\PackageCache\com.unity.collab-proxy@1.15.15\Lib\Editor\PlasticSCM\unityplastic.dll
Native extension for WindowsStandalone target not found
Refreshing native plugins compatible for Editor in 0.74 ms, found 2 plugins.
Preloading 0 native plugins for Editor in 0.00 ms.
Mono: successfully reloaded assembly
- Completed reload, in  0.811 seconds
Domain Reload Profiling:
	ReloadAssembly (811ms)
		BeginReloadAssembly (125ms)
			ExecutionOrderSort (0ms)
			DisableScriptedObjects (4ms)
			BackupInstance (0ms)
			ReleaseScriptingObjects (0ms)
			CreateAndSetChildDomain (29ms)
		EndReloadAssembly (645ms)
			LoadAssemblies (129ms)
			RebuildTransferFunctionScriptingTraits (0ms)
			SetupTypeCache (202ms)
			ReleaseScriptCaches (1ms)
			RebuildScriptCaches (29ms)
			SetupLoadedEditorAssemblies (264ms)
				LogAssemblyErrors (0ms)
				InitializePlatformSupportModulesInManaged (3ms)
				SetLoadedEditorAssemblies (0ms)
				RefreshPlugins (1ms)
				BeforeProcessingInitializeOnLoad (59ms)
				ProcessInitializeOnLoadAttributes (150ms)
				ProcessInitializeOnLoadMethodAttributes (48ms)
				AfterProcessingInitializeOnLoad (2ms)
				EditorAssembliesLoaded (0ms)
			ExecutionOrderSort2 (0ms)
			AwakeInstancesAfterBackupRestoration (5ms)
Platform modules already initialized, skipping
Refreshing native plugins compatible for Editor in 0.74 ms, found 2 plugins.
Preloading 0 native plugins for Editor in 0.00 ms.
Unloading 2501 Unused Serialized files (Serialized files now loaded: 0)
System memory in use before: 97.5 MB.
System memory in use after: 97.8 MB.

Unloading 51 unused Assets to reduce memory usage. Loaded Objects now: 2920.
Total: 5.099900 ms (FindLiveObjects: 0.159200 ms CreateObjectMapping: 0.067300 ms MarkObjects: 4.846200 ms  DeleteObjects: 0.026200 ms)

AssetImportParameters requested are different than current active one (requested -> active):
  custom:framework-win-MediaFoundation: 216162199b28c13a410421893ffa2e32 -> 
  custom:video-decoder-ogg-theora: a1e56fd34408186e4bbccfd4996cb3dc -> 
  custom:container-muxer-webm: aa71ff27fc2769a1b78a27578f13a17b -> 
  custom:container-demuxer-webm: 4f35f7cbe854078d1ac9338744f61a02 -> 
  custom:container-demuxer-ogg: 62fdf1f143b41e24485cea50d1cbac27 -> 
  custom:video-encoder-webm-vp8: eb34c28f22e8b96e1ab97ce403110664 -> 
  custom:video-codec-MediaFoundation-h265: 746d11721c4dcdbdad8f713fa42b33f4 -> 
  custom:video-decoder-webm-vp8: 9c59270c3fd7afecdb556c50c9e8de78 -> 
  custom:audio-decoder-ogg-vorbis: bf7c407c2cedff20999df2af8eb42d56 -> 
  custom:audio-encoder-webm-vorbis: bf7c407c2cedff20999df2af8eb42d56 -> 
AssetImportWorkerClient::OnTransportError - code=2 error=End of file
