
=== Sun Apr  3 12:39:55 2022

Packages were changed.
Update Mode: updateDependencies

The following packages were added:
  com.unity.ide.visualstudio@2.0.14
The following packages were updated:
  com.unity.ads from version 2.0.8 to 3.7.5
  com.unity.analytics from version 3.3.2 to 3.6.12
  com.unity.collab-proxy from version 1.2.16 to 1.15.12
  com.unity.ide.rider from version 1.1.4 to 2.0.7
  com.unity.ide.vscode from version 1.1.3 to 1.2.4
  com.unity.purchasing from version 2.0.6 to 4.1.2
  com.unity.test-framework from version 1.1.3 to 1.1.29
  com.unity.textmeshpro from version 2.0.1 to 3.0.6
  com.unity.timeline from version 1.2.6 to 1.4.8
  com.unity.xr.legacyinputhelpers from version 1.3.8 to 2.1.8

=== Wed Jul 20 10:45:07 2022

Packages were changed.
Update Mode: updateDependencies

The following packages were updated:
  com.unity.ads from version 3.7.5 to 4.1.0
  com.unity.analytics from version 3.6.12 to 3.7.1
  com.unity.cinemachine from version 2.6.11 to 2.8.6
  com.unity.collab-proxy from version 1.15.15 to 1.17.0
  com.unity.ide.rider from version 2.0.7 to 3.0.15
  com.unity.ide.visualstudio from version 2.0.15 to 2.0.16
  com.unity.purchasing from version 4.1.3 to 4.1.5
  com.unity.timeline from version 1.4.8 to 1.7.1
The following packages were removed:
  com.unity.multiplayer-hlapi@1.0.8
